TN:Triangle
SF:/home/bletchley/WorkSpace/2014_SoftwareTesting/Triangle/TriangleTest/Triangle.c
FN:4,triangle
FNDA:6,triangle
FNF:1
FNH:1
BRDA:6,0,0,6
BRDA:6,0,1,0
BRDA:6,1,2,0
BRDA:6,1,3,6
BRDA:7,0,0,6
BRDA:7,0,1,0
BRDA:7,1,2,0
BRDA:7,1,3,6
BRDA:8,0,0,6
BRDA:8,0,1,0
BRDA:8,1,2,0
BRDA:8,1,3,6
BRDA:11,0,0,5
BRDA:11,0,1,1
BRDA:11,1,2,4
BRDA:11,1,3,1
BRDA:11,2,4,1
BRDA:11,2,5,3
BRDA:12,0,0,1
BRDA:12,0,1,2
BRDA:13,0,0,1
BRDA:13,0,1,1
BRF:22
BRH:16
DA:4,6
DA:6,6
DA:7,6
DA:8,6
DA:10,6
DA:11,6
DA:12,3
DA:13,2
DA:14,6
LF:9
LH:9
end_of_record
TN:Triangle
SF:/home/bletchley/WorkSpace/2014_SoftwareTesting/Triangle/TriangleTest/CUnitRunTest.c
FN:7,main
FNDA:1,main
FNF:1
FNH:1
BRDA:10,0,1,0
BRDA:10,0,2,1
BRDA:15,0,1,0
BRDA:15,0,2,1
BRDA:17,0,1,0
BRDA:17,0,2,1
BRDA:19,0,1,0
BRDA:19,0,2,1
BRF:8
BRH:4
DA:7,1
DA:10,1
DA:12,0
DA:15,1
DA:17,1
DA:19,1
DA:21,0
DA:22,0
DA:25,1
DA:33,1
DA:35,1
LF:11
LH:8
end_of_record
TN:Triangle
SF:/home/bletchley/WorkSpace/2014_SoftwareTesting/Triangle/TriangleTest/TestMainModule.c
FN:6,InitSuite
FN:11,EndSuite
FN:16,Test_IsEquilateral
FN:28,Test_IsIsosceles
FN:40,Test_IsScalene
FN:53,Test_NotATriangle
FN:61,Test_IsInvalidInput
FN:70,OneBoundary
FN:81,TwoBoundary
FN:97,ThreeBoundary
FN:103,IsoscelesClass
FN:110,IsoscelesEdgeClass
FN:119,EquilateralClass
FN:126,EquilateralEdgeClass
FN:134,ScaleneClass
FN:141,ScaleneEdgeClass
FN:148,NotTriangleClass
FN:155,NotTriangleEdgeClass
FN:164,InvalidInputClass
FN:178,TestC0_1
FN:188,TestC1_1
FN:196,AddTestMainModule
FNDA:1,InitSuite
FNDA:1,EndSuite
FNDA:1,Test_IsEquilateral
FNDA:1,Test_IsIsosceles
FNDA:1,Test_IsScalene
FNDA:3,Test_NotATriangle
FNDA:0,Test_IsInvalidInput
FNDA:0,OneBoundary
FNDA:0,TwoBoundary
FNDA:0,ThreeBoundary
FNDA:0,IsoscelesClass
FNDA:0,IsoscelesEdgeClass
FNDA:0,EquilateralClass
FNDA:0,EquilateralEdgeClass
FNDA:0,ScaleneClass
FNDA:0,ScaleneEdgeClass
FNDA:0,NotTriangleClass
FNDA:0,NotTriangleEdgeClass
FNDA:0,InvalidInputClass
FNDA:1,TestC0_1
FNDA:0,TestC1_1
FNDA:1,AddTestMainModule
FNF:22
FNH:8
BRDA:21,9999,0,1
BRDA:21,9999,1,0
BRDA:33,9999,0,1
BRDA:33,9999,1,0
BRDA:45,9999,0,1
BRDA:45,9999,1,0
BRDA:56,9999,0,3
BRDA:56,9999,1,0
BRDA:64,9999,0,-
BRDA:64,9999,1,-
BRF:10
BRH:4
DA:6,1
DA:8,1
DA:11,1
DA:13,1
DA:16,1
DA:20,1
DA:21,1
DA:23,1
DA:25,1
DA:28,1
DA:32,1
DA:33,1
DA:35,1
DA:37,1
DA:40,1
DA:44,1
DA:45,1
DA:47,1
DA:49,1
DA:53,3
DA:55,3
DA:56,3
DA:57,3
DA:58,3
DA:61,0
DA:63,0
DA:64,0
DA:65,0
DA:66,0
DA:70,0
DA:73,0
DA:74,0
DA:75,0
DA:76,0
DA:77,0
DA:78,0
DA:79,0
DA:81,0
DA:83,0
DA:84,0
DA:85,0
DA:86,0
DA:87,0
DA:88,0
DA:89,0
DA:90,0
DA:91,0
DA:92,0
DA:93,0
DA:94,0
DA:95,0
DA:97,0
DA:99,0
DA:100,0
DA:101,0
DA:103,0
DA:105,0
DA:106,0
DA:107,0
DA:108,0
DA:110,0
DA:112,0
DA:113,0
DA:114,0
DA:115,0
DA:116,0
DA:117,0
DA:119,0
DA:121,0
DA:122,0
DA:123,0
DA:124,0
DA:126,0
DA:128,0
DA:129,0
DA:130,0
DA:131,0
DA:132,0
DA:134,0
DA:136,0
DA:137,0
DA:138,0
DA:139,0
DA:141,0
DA:143,0
DA:144,0
DA:145,0
DA:146,0
DA:148,0
DA:150,0
DA:151,0
DA:152,0
DA:153,0
DA:155,0
DA:157,0
DA:158,0
DA:159,0
DA:160,0
DA:161,0
DA:164,0
DA:166,0
DA:167,0
DA:168,0
DA:169,0
DA:170,0
DA:171,0
DA:172,0
DA:173,0
DA:174,0
DA:175,0
DA:176,0
DA:178,1
DA:180,1
DA:181,1
DA:182,1
DA:183,1
DA:184,1
DA:185,1
DA:186,1
DA:188,0
DA:190,0
DA:191,0
DA:192,0
DA:193,0
DA:196,1
DA:198,1
DA:199,1
DA:200,1
DA:225,1
LF:129
LH:37
end_of_record
